<?xml version="1.0" encoding="UTF-8"?>
<testsuite name="com.rewardsprogram.functional.RewardsProgramEndToEndFlowTest" tests="1" skipped="0" failures="0" errors="0" timestamp="2026-08-22T20:37:44.776Z" hostname="Davids-MacBook-Pro.local" time="0.04">
  <properties/>
  <testcase name="flujoCompletoDeComprasConsultaYRedencionDePuntos()" classname="com.rewardsprogram.functional.RewardsProgramEndToEndFlowTest" time="0.036"/>
  <system-out><![CDATA[2026-08-22T15:37:44.778-05:00  INFO 7555 --- [rewards-program] [    Test worker] t.c.s.AnnotationConfigContextLoaderUtils : Could not detect default configuration classes for test class [com.rewardsprogram.functional.RewardsProgramEndToEndFlowTest]: RewardsProgramEndToEndFlowTest does not declare any static, non-private, non-final, nested classes annotated with @Configuration.
2026-08-22T15:37:44.778-05:00  INFO 7555 --- [rewards-program] [    Test worker] .b.t.c.SpringBootTestContextBootstrapper : Found @SpringBootConfiguration com.rewardsprogram.RewardsProgramApplication for test class com.rewardsprogram.functional.RewardsProgramEndToEndFlowTest
2026-08-22T15:37:44.779-05:00  INFO 7555 --- [rewards-program] [    Test worker] t.c.s.AnnotationConfigContextLoaderUtils : Could not detect default configuration classes for test class [com.rewardsprogram.functional.RewardsProgramEndToEndFlowTest]: RewardsProgramEndToEndFlowTest does not declare any static, non-private, non-final, nested classes annotated with @Configuration.
2026-08-22T15:37:44.779-05:00  INFO 7555 --- [rewards-program] [    Test worker] .b.t.c.SpringBootTestContextBootstrapper : Found @SpringBootConfiguration com.rewardsprogram.RewardsProgramApplication for test class com.rewardsprogram.functional.RewardsProgramEndToEndFlowTest
]]></system-out>
  <system-err><![CDATA[]]></system-err>
</testsuite>
